{"/Users/dongwook-kim/dev/projects/gangmom/restapi/src/app.js": {"path":"/Users/dongwook-kim/dev/projects/gangmom/restapi/src/app.js","statementMap":{"0":{"start":{"line":1,"column":0},"end":{"line":1,"column":26}},"1":{"start":{"line":11,"column":12},"end":{"line":11,"column":21}},"2":{"start":{"line":13,"column":0},"end":{"line":13,"column":22}},"3":{"start":{"line":14,"column":0},"end":{"line":14,"column":23}},"4":{"start":{"line":15,"column":0},"end":{"line":15,"column":48}},"5":{"start":{"line":16,"column":0},"end":{"line":16,"column":23}},"6":{"start":{"line":17,"column":0},"end":{"line":17,"column":22}},"7":{"start":{"line":18,"column":0},"end":{"line":18,"column":23}},"8":{"start":{"line":20,"column":0},"end":{"line":20,"column":51}},"9":{"start":{"line":20,"column":28},"end":{"line":20,"column":50}},"10":{"start":{"line":22,"column":0},"end":{"line":37,"column":2}},"11":{"start":{"line":23,"column":17},"end":{"line":23,"column":20}},"12":{"start":{"line":25,"column":2},"end":{"line":25,"column":46}},"13":{"start":{"line":25,"column":19},"end":{"line":25,"column":46}},"14":{"start":{"line":27,"column":2},"end":{"line":27,"column":39}},"15":{"start":{"line":28,"column":2},"end":{"line":28,"column":75}},"16":{"start":{"line":30,"column":2},"end":{"line":36,"column":3}},"17":{"start":{"line":39,"column":0},"end":{"line":39,"column":20}}},"fnMap":{"0":{"name":"(anonymous_0)","decl":{"start":{"line":20,"column":8},"end":{"line":20,"column":9}},"loc":{"start":{"line":20,"column":28},"end":{"line":20,"column":50}},"line":20},"1":{"name":"(anonymous_1)","decl":{"start":{"line":22,"column":8},"end":{"line":22,"column":9}},"loc":{"start":{"line":22,"column":33},"end":{"line":37,"column":1}},"line":22}},"branchMap":{"0":{"loc":{"start":{"line":25,"column":2},"end":{"line":25,"column":46}},"type":"if","locations":[{"start":{"line":25,"column":2},"end":{"line":25,"column":46}},{"start":{"line":25,"column":2},"end":{"line":25,"column":46}}],"line":25},"1":{"loc":{"start":{"line":28,"column":21},"end":{"line":28,"column":75}},"type":"cond-expr","locations":[{"start":{"line":28,"column":62},"end":{"line":28,"column":70}},{"start":{"line":28,"column":73},"end":{"line":28,"column":75}}],"line":28}},"s":{"0":2,"1":2,"2":2,"3":2,"4":2,"5":2,"6":2,"7":2,"8":2,"9":0,"10":2,"11":3,"12":3,"13":0,"14":3,"15":3,"16":3,"17":2},"f":{"0":0,"1":3},"b":{"0":[0,3],"1":[0,3]},"_coverageSchema":"43e27e138ebf9cfc5966b082cf9a028302ed4184","hash":"06cb576aad276c05b24ae883cdc3f1f2ab0933ef"}
,"/Users/dongwook-kim/dev/projects/gangmom/restapi/src/caches/user.cache.js": {"path":"/Users/dongwook-kim/dev/projects/gangmom/restapi/src/caches/user.cache.js","statementMap":{"0":{"start":{"line":1,"column":14},"end":{"line":1,"column":30}},"1":{"start":{"line":2,"column":17},"end":{"line":2,"column":36}},"2":{"start":{"line":3,"column":15},"end":{"line":3,"column":35}},"3":{"start":{"line":5,"column":0},"end":{"line":5,"column":29}},"4":{"start":{"line":7,"column":14},"end":{"line":14,"column":1}},"5":{"start":{"line":8,"column":2},"end":{"line":8,"column":58}},"6":{"start":{"line":9,"column":2},"end":{"line":9,"column":64}},"7":{"start":{"line":10,"column":2},"end":{"line":13,"column":4}},"8":{"start":{"line":16,"column":13},"end":{"line":24,"column":1}},"9":{"start":{"line":17,"column":2},"end":{"line":21,"column":3}},"10":{"start":{"line":18,"column":17},"end":{"line":18,"column":64}},"11":{"start":{"line":20,"column":4},"end":{"line":20,"column":27}},"12":{"start":{"line":23,"column":2},"end":{"line":23,"column":13}},"13":{"start":{"line":26,"column":17},"end":{"line":30,"column":1}},"14":{"start":{"line":27,"column":15},"end":{"line":27,"column":58}},"15":{"start":{"line":29,"column":2},"end":{"line":29,"column":19}},"16":{"start":{"line":32,"column":20},"end":{"line":36,"column":1}},"17":{"start":{"line":33,"column":15},"end":{"line":33,"column":64}},"18":{"start":{"line":35,"column":2},"end":{"line":35,"column":19}}},"fnMap":{"0":{"name":"(anonymous_0)","decl":{"start":{"line":7,"column":14},"end":{"line":7,"column":15}},"loc":{"start":{"line":7,"column":28},"end":{"line":14,"column":1}},"line":7},"1":{"name":"(anonymous_1)","decl":{"start":{"line":16,"column":13},"end":{"line":16,"column":14}},"loc":{"start":{"line":16,"column":27},"end":{"line":24,"column":1}},"line":16},"2":{"name":"(anonymous_2)","decl":{"start":{"line":26,"column":17},"end":{"line":26,"column":18}},"loc":{"start":{"line":26,"column":29},"end":{"line":30,"column":1}},"line":26},"3":{"name":"(anonymous_3)","decl":{"start":{"line":32,"column":20},"end":{"line":32,"column":21}},"loc":{"start":{"line":32,"column":35},"end":{"line":36,"column":1}},"line":32}},"branchMap":{"0":{"loc":{"start":{"line":17,"column":2},"end":{"line":21,"column":3}},"type":"if","locations":[{"start":{"line":17,"column":2},"end":{"line":21,"column":3}},{"start":{"line":17,"column":2},"end":{"line":21,"column":3}}],"line":17}},"s":{"0":3,"1":3,"2":3,"3":3,"4":3,"5":4,"6":4,"7":4,"8":3,"9":4,"10":3,"11":3,"12":1,"13":3,"14":0,"15":0,"16":3,"17":3,"18":3},"f":{"0":4,"1":4,"2":0,"3":3},"b":{"0":[3,1]},"_coverageSchema":"43e27e138ebf9cfc5966b082cf9a028302ed4184","hash":"1c5d9c7d9444de42238aebafe4cbdfeacd554f79"}
,"/Users/dongwook-kim/dev/projects/gangmom/restapi/src/configs/sequelize.js": {"path":"/Users/dongwook-kim/dev/projects/gangmom/restapi/src/configs/sequelize.js","statementMap":{"0":{"start":{"line":1,"column":0},"end":{"line":1,"column":26}},"1":{"start":{"line":3,"column":0},"end":{"line":3,"column":69}},"2":{"start":{"line":3,"column":43},"end":{"line":3,"column":69}},"3":{"start":{"line":5,"column":22},"end":{"line":21,"column":1}},"4":{"start":{"line":23,"column":0},"end":{"line":47,"column":1}}},"fnMap":{},"branchMap":{"0":{"loc":{"start":{"line":3,"column":0},"end":{"line":3,"column":69}},"type":"if","locations":[{"start":{"line":3,"column":0},"end":{"line":3,"column":69}},{"start":{"line":3,"column":0},"end":{"line":3,"column":69}}],"line":3}},"s":{"0":3,"1":3,"2":3,"3":3,"4":3},"f":{},"b":{"0":[3,0]},"_coverageSchema":"43e27e138ebf9cfc5966b082cf9a028302ed4184","hash":"932631a37ace79786ff5b65ea1143584a7b1c11b"}
,"/Users/dongwook-kim/dev/projects/gangmom/restapi/src/controllers/v1/auth.controller.js": {"path":"/Users/dongwook-kim/dev/projects/gangmom/restapi/src/controllers/v1/auth.controller.js","statementMap":{"0":{"start":{"line":8,"column":14},"end":{"line":40,"column":1}},"1":{"start":{"line":9,"column":2},"end":{"line":39,"column":3}},"2":{"start":{"line":10,"column":18},"end":{"line":10,"column":32}},"3":{"start":{"line":11,"column":21},"end":{"line":11,"column":38}},"4":{"start":{"line":13,"column":17},"end":{"line":13,"column":51}},"5":{"start":{"line":15,"column":4},"end":{"line":17,"column":5}},"6":{"start":{"line":16,"column":6},"end":{"line":16,"column":54}},"7":{"start":{"line":20,"column":18},"end":{"line":20,"column":63}},"8":{"start":{"line":22,"column":4},"end":{"line":24,"column":5}},"9":{"start":{"line":23,"column":6},"end":{"line":23,"column":53}},"10":{"start":{"line":27,"column":20},"end":{"line":30,"column":5}},"11":{"start":{"line":32,"column":18},"end":{"line":34,"column":6}},"12":{"start":{"line":36,"column":4},"end":{"line":36,"column":35}},"13":{"start":{"line":38,"column":4},"end":{"line":38,"column":11}},"14":{"start":{"line":42,"column":18},"end":{"line":48,"column":1}},"15":{"start":{"line":43,"column":2},"end":{"line":47,"column":3}},"16":{"start":{"line":44,"column":4},"end":{"line":44,"column":34}},"17":{"start":{"line":46,"column":4},"end":{"line":46,"column":13}}},"fnMap":{"0":{"name":"(anonymous_0)","decl":{"start":{"line":8,"column":14},"end":{"line":8,"column":15}},"loc":{"start":{"line":8,"column":40},"end":{"line":40,"column":1}},"line":8},"1":{"name":"(anonymous_1)","decl":{"start":{"line":42,"column":18},"end":{"line":42,"column":19}},"loc":{"start":{"line":42,"column":44},"end":{"line":48,"column":1}},"line":42}},"branchMap":{"0":{"loc":{"start":{"line":15,"column":4},"end":{"line":17,"column":5}},"type":"if","locations":[{"start":{"line":15,"column":4},"end":{"line":17,"column":5}},{"start":{"line":15,"column":4},"end":{"line":17,"column":5}}],"line":15},"1":{"loc":{"start":{"line":22,"column":4},"end":{"line":24,"column":5}},"type":"if","locations":[{"start":{"line":22,"column":4},"end":{"line":24,"column":5}},{"start":{"line":22,"column":4},"end":{"line":24,"column":5}}],"line":22}},"s":{"0":2,"1":3,"2":3,"3":3,"4":3,"5":3,"6":1,"7":2,"8":2,"9":1,"10":1,"11":1,"12":1,"13":0,"14":2,"15":1,"16":1,"17":0},"f":{"0":3,"1":1},"b":{"0":[1,2],"1":[1,1]},"_coverageSchema":"43e27e138ebf9cfc5966b082cf9a028302ed4184","hash":"55573fdee9560fa66e768113fdd8d0549c645c7d"}
,"/Users/dongwook-kim/dev/projects/gangmom/restapi/src/controllers/v1/user.controller.js": {"path":"/Users/dongwook-kim/dev/projects/gangmom/restapi/src/controllers/v1/user.controller.js","statementMap":{"0":{"start":{"line":5,"column":12},"end":{"line":23,"column":1}},"1":{"start":{"line":6,"column":2},"end":{"line":22,"column":3}},"2":{"start":{"line":7,"column":4},"end":{"line":19,"column":5}},"3":{"start":{"line":8,"column":19},"end":{"line":8,"column":55}},"4":{"start":{"line":10,"column":6},"end":{"line":12,"column":7}},"5":{"start":{"line":11,"column":8},"end":{"line":11,"column":66}},"6":{"start":{"line":14,"column":6},"end":{"line":14,"column":57}},"7":{"start":{"line":16,"column":20},"end":{"line":16,"column":40}},"8":{"start":{"line":18,"column":6},"end":{"line":18,"column":54}},"9":{"start":{"line":18,"column":40},"end":{"line":18,"column":52}},"10":{"start":{"line":21,"column":4},"end":{"line":21,"column":11}}},"fnMap":{"0":{"name":"(anonymous_0)","decl":{"start":{"line":5,"column":12},"end":{"line":5,"column":13}},"loc":{"start":{"line":5,"column":38},"end":{"line":23,"column":1}},"line":5},"1":{"name":"(anonymous_1)","decl":{"start":{"line":18,"column":32},"end":{"line":18,"column":33}},"loc":{"start":{"line":18,"column":40},"end":{"line":18,"column":52}},"line":18}},"branchMap":{"0":{"loc":{"start":{"line":7,"column":4},"end":{"line":19,"column":5}},"type":"if","locations":[{"start":{"line":7,"column":4},"end":{"line":19,"column":5}},{"start":{"line":7,"column":4},"end":{"line":19,"column":5}}],"line":7},"1":{"loc":{"start":{"line":10,"column":6},"end":{"line":12,"column":7}},"type":"if","locations":[{"start":{"line":10,"column":6},"end":{"line":12,"column":7}},{"start":{"line":10,"column":6},"end":{"line":12,"column":7}}],"line":10}},"s":{"0":2,"1":3,"2":3,"3":2,"4":2,"5":1,"6":1,"7":1,"8":1,"9":4,"10":1},"f":{"0":3,"1":4},"b":{"0":[2,1],"1":[1,1]},"_coverageSchema":"43e27e138ebf9cfc5966b082cf9a028302ed4184","hash":"6e466b2d80e158ad9bfb46fe7535a63d2c9463f8"}
,"/Users/dongwook-kim/dev/projects/gangmom/restapi/src/middlewares/jwt.middleware.js": {"path":"/Users/dongwook-kim/dev/projects/gangmom/restapi/src/middlewares/jwt.middleware.js","statementMap":{"0":{"start":{"line":6,"column":2},"end":{"line":35,"column":3}},"1":{"start":{"line":7,"column":4},"end":{"line":7,"column":19}},"2":{"start":{"line":9,"column":4},"end":{"line":30,"column":5}},"3":{"start":{"line":11,"column":6},"end":{"line":21,"column":7}},"4":{"start":{"line":15,"column":10},"end":{"line":17,"column":11}},"5":{"start":{"line":16,"column":12},"end":{"line":16,"column":62}},"6":{"start":{"line":19,"column":10},"end":{"line":19,"column":29}},"7":{"start":{"line":23,"column":19},"end":{"line":23,"column":45}},"8":{"start":{"line":25,"column":6},"end":{"line":27,"column":7}},"9":{"start":{"line":26,"column":8},"end":{"line":26,"column":56}},"10":{"start":{"line":29,"column":6},"end":{"line":29,"column":21}},"11":{"start":{"line":32,"column":4},"end":{"line":32,"column":10}},"12":{"start":{"line":34,"column":4},"end":{"line":34,"column":11}}},"fnMap":{"0":{"name":"(anonymous_0)","decl":{"start":{"line":5,"column":15},"end":{"line":5,"column":16}},"loc":{"start":{"line":5,"column":41},"end":{"line":36,"column":1}},"line":5},"1":{"name":"(anonymous_1)","decl":{"start":{"line":14,"column":8},"end":{"line":14,"column":9}},"loc":{"start":{"line":14,"column":26},"end":{"line":20,"column":9}},"line":14}},"branchMap":{"0":{"loc":{"start":{"line":9,"column":4},"end":{"line":30,"column":5}},"type":"if","locations":[{"start":{"line":9,"column":4},"end":{"line":30,"column":5}},{"start":{"line":9,"column":4},"end":{"line":30,"column":5}}],"line":9},"1":{"loc":{"start":{"line":15,"column":10},"end":{"line":17,"column":11}},"type":"if","locations":[{"start":{"line":15,"column":10},"end":{"line":17,"column":11}},{"start":{"line":15,"column":10},"end":{"line":17,"column":11}}],"line":15},"2":{"loc":{"start":{"line":25,"column":6},"end":{"line":27,"column":7}},"type":"if","locations":[{"start":{"line":25,"column":6},"end":{"line":27,"column":7}},{"start":{"line":25,"column":6},"end":{"line":27,"column":7}}],"line":25}},"s":{"0":7,"1":7,"2":7,"3":1,"4":1,"5":0,"6":1,"7":1,"8":1,"9":0,"10":1,"11":7,"12":0},"f":{"0":7,"1":1},"b":{"0":[1,6],"1":[0,1],"2":[0,1]},"_coverageSchema":"43e27e138ebf9cfc5966b082cf9a028302ed4184","hash":"db447fb16908dda2d6c3accb2036c27d2674ba3a"}
,"/Users/dongwook-kim/dev/projects/gangmom/restapi/src/models/index.js": {"path":"/Users/dongwook-kim/dev/projects/gangmom/restapi/src/models/index.js","statementMap":{"0":{"start":{"line":4,"column":18},"end":{"line":4,"column":38}},"1":{"start":{"line":5,"column":15},"end":{"line":7,"column":1}},"2":{"start":{"line":8,"column":17},"end":{"line":8,"column":42}},"3":{"start":{"line":10,"column":15},"end":{"line":10,"column":17}},"4":{"start":{"line":13,"column":0},"end":{"line":22,"column":1}},"5":{"start":{"line":14,"column":2},"end":{"line":14,"column":73}},"6":{"start":{"line":16,"column":2},"end":{"line":21,"column":3}},"7":{"start":{"line":24,"column":0},"end":{"line":34,"column":4}},"8":{"start":{"line":27,"column":6},"end":{"line":29,"column":36}},"9":{"start":{"line":32,"column":18},"end":{"line":32,"column":65}},"10":{"start":{"line":33,"column":4},"end":{"line":33,"column":30}},"11":{"start":{"line":36,"column":0},"end":{"line":40,"column":2}},"12":{"start":{"line":37,"column":2},"end":{"line":39,"column":3}},"13":{"start":{"line":38,"column":4},"end":{"line":38,"column":39}},"14":{"start":{"line":42,"column":0},"end":{"line":42,"column":28}},"15":{"start":{"line":43,"column":0},"end":{"line":43,"column":28}}},"fnMap":{"0":{"name":"(anonymous_0)","decl":{"start":{"line":26,"column":4},"end":{"line":26,"column":5}},"loc":{"start":{"line":27,"column":6},"end":{"line":29,"column":36}},"line":27},"1":{"name":"(anonymous_1)","decl":{"start":{"line":31,"column":11},"end":{"line":31,"column":12}},"loc":{"start":{"line":31,"column":19},"end":{"line":34,"column":3}},"line":31},"2":{"name":"(anonymous_2)","decl":{"start":{"line":36,"column":28},"end":{"line":36,"column":29}},"loc":{"start":{"line":36,"column":41},"end":{"line":40,"column":1}},"line":36}},"branchMap":{"0":{"loc":{"start":{"line":13,"column":0},"end":{"line":22,"column":1}},"type":"if","locations":[{"start":{"line":13,"column":0},"end":{"line":22,"column":1}},{"start":{"line":13,"column":0},"end":{"line":22,"column":1}}],"line":13},"1":{"loc":{"start":{"line":27,"column":6},"end":{"line":29,"column":36}},"type":"binary-expr","locations":[{"start":{"line":27,"column":6},"end":{"line":27,"column":29}},{"start":{"line":28,"column":6},"end":{"line":28,"column":23}},{"start":{"line":29,"column":6},"end":{"line":29,"column":36}}],"line":27},"2":{"loc":{"start":{"line":37,"column":2},"end":{"line":39,"column":3}},"type":"if","locations":[{"start":{"line":37,"column":2},"end":{"line":39,"column":3}},{"start":{"line":37,"column":2},"end":{"line":39,"column":3}}],"line":37}},"s":{"0":3,"1":3,"2":3,"3":3,"4":3,"5":0,"6":3,"7":3,"8":6,"9":3,"10":3,"11":3,"12":3,"13":3,"14":3,"15":3},"f":{"0":6,"1":3,"2":3},"b":{"0":[0,3],"1":[6,6,3],"2":[3,0]},"_coverageSchema":"43e27e138ebf9cfc5966b082cf9a028302ed4184","hash":"af7eaf6a17e85526f192713e0dbb15ec793af63e"}
,"/Users/dongwook-kim/dev/projects/gangmom/restapi/src/models/user.model.js": {"path":"/Users/dongwook-kim/dev/projects/gangmom/restapi/src/models/user.model.js","statementMap":{"0":{"start":{"line":7,"column":0},"end":{"line":64,"column":1}},"1":{"start":{"line":8,"column":15},"end":{"line":37,"column":3}},"2":{"start":{"line":15,"column":28},"end":{"line":15,"column":54}},"3":{"start":{"line":17,"column":10},"end":{"line":17,"column":71}},"4":{"start":{"line":39,"column":2},"end":{"line":41,"column":3}},"5":{"start":{"line":44,"column":2},"end":{"line":49,"column":4}},"6":{"start":{"line":45,"column":4},"end":{"line":48,"column":5}},"7":{"start":{"line":46,"column":19},"end":{"line":46,"column":43}},"8":{"start":{"line":47,"column":6},"end":{"line":47,"column":60}},"9":{"start":{"line":51,"column":2},"end":{"line":51,"column":58}},"10":{"start":{"line":51,"column":36},"end":{"line":51,"column":57}},"11":{"start":{"line":54,"column":2},"end":{"line":61,"column":3}},"12":{"start":{"line":55,"column":19},"end":{"line":55,"column":48}},"13":{"start":{"line":57,"column":4},"end":{"line":57,"column":20}},"14":{"start":{"line":58,"column":4},"end":{"line":58,"column":26}},"15":{"start":{"line":60,"column":4},"end":{"line":60,"column":17}},"16":{"start":{"line":63,"column":2},"end":{"line":63,"column":13}}},"fnMap":{"0":{"name":"(anonymous_0)","decl":{"start":{"line":7,"column":17},"end":{"line":7,"column":18}},"loc":{"start":{"line":7,"column":43},"end":{"line":64,"column":1}},"line":7},"1":{"name":"(anonymous_1)","decl":{"start":{"line":15,"column":22},"end":{"line":15,"column":23}},"loc":{"start":{"line":15,"column":28},"end":{"line":15,"column":54}},"line":15},"2":{"name":"(anonymous_2)","decl":{"start":{"line":16,"column":13},"end":{"line":16,"column":14}},"loc":{"start":{"line":16,"column":24},"end":{"line":18,"column":9}},"line":16},"3":{"name":"(anonymous_3)","decl":{"start":{"line":39,"column":19},"end":{"line":39,"column":20}},"loc":{"start":{"line":39,"column":36},"end":{"line":41,"column":3}},"line":39},"4":{"name":"(anonymous_4)","decl":{"start":{"line":44,"column":18},"end":{"line":44,"column":19}},"loc":{"start":{"line":44,"column":43},"end":{"line":49,"column":3}},"line":44},"5":{"name":"(anonymous_5)","decl":{"start":{"line":51,"column":17},"end":{"line":51,"column":18}},"loc":{"start":{"line":51,"column":36},"end":{"line":51,"column":57}},"line":51},"6":{"name":"(anonymous_6)","decl":{"start":{"line":54,"column":25},"end":{"line":54,"column":26}},"loc":{"start":{"line":54,"column":36},"end":{"line":61,"column":3}},"line":54}},"branchMap":{"0":{"loc":{"start":{"line":45,"column":4},"end":{"line":48,"column":5}},"type":"if","locations":[{"start":{"line":45,"column":4},"end":{"line":48,"column":5}},{"start":{"line":45,"column":4},"end":{"line":48,"column":5}}],"line":45}},"s":{"0":3,"1":3,"2":4,"3":23,"4":3,"5":3,"6":4,"7":4,"8":4,"9":3,"10":4,"11":3,"12":5,"13":5,"14":5,"15":5,"16":3},"f":{"0":3,"1":4,"2":23,"3":3,"4":4,"5":4,"6":5},"b":{"0":[4,0]},"_coverageSchema":"43e27e138ebf9cfc5966b082cf9a028302ed4184","hash":"58cf39b633b9225305acaf1c6439472871f9a180"}
,"/Users/dongwook-kim/dev/projects/gangmom/restapi/src/repositories/user.repository.js": {"path":"/Users/dongwook-kim/dev/projects/gangmom/restapi/src/repositories/user.repository.js","statementMap":{"0":{"start":{"line":5,"column":23},"end":{"line":5,"column":53}},"1":{"start":{"line":8,"column":19},"end":{"line":8,"column":46}},"2":{"start":{"line":11,"column":4},"end":{"line":15,"column":6}},"3":{"start":{"line":18,"column":24},"end":{"line":18,"column":54}},"4":{"start":{"line":21,"column":4},"end":{"line":25,"column":6}}},"fnMap":{"0":{"name":"(anonymous_0)","decl":{"start":{"line":5,"column":9},"end":{"line":5,"column":10}},"loc":{"start":{"line":5,"column":23},"end":{"line":5,"column":53}},"line":5},"1":{"name":"(anonymous_1)","decl":{"start":{"line":8,"column":7},"end":{"line":8,"column":8}},"loc":{"start":{"line":8,"column":19},"end":{"line":8,"column":46}},"line":8},"2":{"name":"(anonymous_2)","decl":{"start":{"line":10,"column":8},"end":{"line":10,"column":9}},"loc":{"start":{"line":10,"column":22},"end":{"line":16,"column":3}},"line":10},"3":{"name":"(anonymous_3)","decl":{"start":{"line":18,"column":12},"end":{"line":18,"column":13}},"loc":{"start":{"line":18,"column":24},"end":{"line":18,"column":54}},"line":18},"4":{"name":"(anonymous_4)","decl":{"start":{"line":20,"column":15},"end":{"line":20,"column":16}},"loc":{"start":{"line":21,"column":4},"end":{"line":25,"column":6}},"line":21}},"branchMap":{},"s":{"0":1,"1":1,"2":3,"3":0,"4":0},"f":{"0":1,"1":1,"2":3,"3":0,"4":0},"b":{},"_coverageSchema":"43e27e138ebf9cfc5966b082cf9a028302ed4184","hash":"e327490913f218540450f0610b643a68c9c89f42"}
,"/Users/dongwook-kim/dev/projects/gangmom/restapi/src/routes/v1/auth.route.js": {"path":"/Users/dongwook-kim/dev/projects/gangmom/restapi/src/routes/v1/auth.route.js","statementMap":{"0":{"start":{"line":4,"column":15},"end":{"line":4,"column":31}},"1":{"start":{"line":6,"column":0},"end":{"line":6,"column":34}},"2":{"start":{"line":7,"column":0},"end":{"line":7,"column":41}}},"fnMap":{},"branchMap":{},"s":{"0":2,"1":2,"2":2},"f":{},"b":{},"_coverageSchema":"43e27e138ebf9cfc5966b082cf9a028302ed4184","hash":"d7d2a183dc7b308f61f45cd22456fa1b59193a35"}
,"/Users/dongwook-kim/dev/projects/gangmom/restapi/src/routes/v1/index.js": {"path":"/Users/dongwook-kim/dev/projects/gangmom/restapi/src/routes/v1/index.js","statementMap":{"0":{"start":{"line":5,"column":15},"end":{"line":5,"column":31}},"1":{"start":{"line":6,"column":16},"end":{"line":6,"column":41}},"2":{"start":{"line":8,"column":0},"end":{"line":17,"column":3}},"3":{"start":{"line":11,"column":6},"end":{"line":13,"column":36}},"4":{"start":{"line":16,"column":4},"end":{"line":16,"column":80}}},"fnMap":{"0":{"name":"(anonymous_0)","decl":{"start":{"line":10,"column":4},"end":{"line":10,"column":5}},"loc":{"start":{"line":11,"column":6},"end":{"line":13,"column":36}},"line":11},"1":{"name":"(anonymous_1)","decl":{"start":{"line":15,"column":11},"end":{"line":15,"column":12}},"loc":{"start":{"line":16,"column":4},"end":{"line":16,"column":80}},"line":16}},"branchMap":{"0":{"loc":{"start":{"line":11,"column":6},"end":{"line":13,"column":36}},"type":"binary-expr","locations":[{"start":{"line":11,"column":6},"end":{"line":11,"column":29}},{"start":{"line":12,"column":6},"end":{"line":12,"column":22}},{"start":{"line":13,"column":6},"end":{"line":13,"column":36}}],"line":11}},"s":{"0":2,"1":2,"2":2,"3":6,"4":4},"f":{"0":6,"1":4},"b":{"0":[6,6,4]},"_coverageSchema":"43e27e138ebf9cfc5966b082cf9a028302ed4184","hash":"04768d3de4bfef9fcd7bf0217aff8632a86ce478"}
,"/Users/dongwook-kim/dev/projects/gangmom/restapi/src/routes/v1/users.route.js": {"path":"/Users/dongwook-kim/dev/projects/gangmom/restapi/src/routes/v1/users.route.js","statementMap":{"0":{"start":{"line":4,"column":15},"end":{"line":4,"column":31}},"1":{"start":{"line":6,"column":0},"end":{"line":6,"column":32}}},"fnMap":{},"branchMap":{},"s":{"0":2,"1":2},"f":{},"b":{},"_coverageSchema":"43e27e138ebf9cfc5966b082cf9a028302ed4184","hash":"3bf57ac77b3d64c75485c3c08aace5cf2d917876"}
,"/Users/dongwook-kim/dev/projects/gangmom/restapi/src/utils/response.js": {"path":"/Users/dongwook-kim/dev/projects/gangmom/restapi/src/utils/response.js","statementMap":{"0":{"start":{"line":1,"column":19},"end":{"line":1,"column":41}},"1":{"start":{"line":4,"column":15},"end":{"line":6,"column":3}},"2":{"start":{"line":8,"column":2},"end":{"line":10,"column":3}},"3":{"start":{"line":9,"column":4},"end":{"line":9,"column":26}},"4":{"start":{"line":12,"column":2},"end":{"line":19,"column":3}},"5":{"start":{"line":13,"column":4},"end":{"line":18,"column":5}},"6":{"start":{"line":21,"column":2},"end":{"line":21,"column":38}}},"fnMap":{"0":{"name":"(anonymous_0)","decl":{"start":{"line":3,"column":15},"end":{"line":3,"column":16}},"loc":{"start":{"line":3,"column":57},"end":{"line":22,"column":1}},"line":3}},"branchMap":{"0":{"loc":{"start":{"line":3,"column":21},"end":{"line":3,"column":30}},"type":"default-arg","locations":[{"start":{"line":3,"column":28},"end":{"line":3,"column":30}}],"line":3},"1":{"loc":{"start":{"line":3,"column":32},"end":{"line":3,"column":52}},"type":"default-arg","locations":[{"start":{"line":3,"column":39},"end":{"line":3,"column":52}}],"line":3},"2":{"loc":{"start":{"line":8,"column":2},"end":{"line":10,"column":3}},"type":"if","locations":[{"start":{"line":8,"column":2},"end":{"line":10,"column":3}},{"start":{"line":8,"column":2},"end":{"line":10,"column":3}}],"line":8},"3":{"loc":{"start":{"line":12,"column":2},"end":{"line":19,"column":3}},"type":"if","locations":[{"start":{"line":12,"column":2},"end":{"line":19,"column":3}},{"start":{"line":12,"column":2},"end":{"line":19,"column":3}}],"line":12}},"s":{"0":2,"1":5,"2":5,"3":3,"4":5,"5":5,"6":5},"f":{"0":5},"b":{"0":[0],"1":[2],"2":[3,2],"3":[5,0]},"_coverageSchema":"43e27e138ebf9cfc5966b082cf9a028302ed4184","hash":"6370ee261c23638c52c2a26406eaabf6fa9e38c3"}
,"/Users/dongwook-kim/dev/projects/gangmom/restapi/src/utils/uuid.js": {"path":"/Users/dongwook-kim/dev/projects/gangmom/restapi/src/utils/uuid.js","statementMap":{"0":{"start":{"line":3,"column":13},"end":{"line":6,"column":1}},"1":{"start":{"line":4,"column":17},"end":{"line":4,"column":35}},"2":{"start":{"line":5,"column":2},"end":{"line":5,"column":66}}},"fnMap":{"0":{"name":"(anonymous_0)","decl":{"start":{"line":3,"column":13},"end":{"line":3,"column":14}},"loc":{"start":{"line":3,"column":19},"end":{"line":6,"column":1}},"line":3}},"branchMap":{},"s":{"0":3,"1":6,"2":6},"f":{"0":6},"b":{},"_coverageSchema":"43e27e138ebf9cfc5966b082cf9a028302ed4184","hash":"88b1809b79929e9351589ca887c68fc2b6a5a1c1"}
}
