{"/Users/dongwook-kim/dev/projects/gangmom/restapi/src/app.js": {"path":"/Users/dongwook-kim/dev/projects/gangmom/restapi/src/app.js","statementMap":{"0":{"start":{"line":1,"column":0},"end":{"line":1,"column":26}},"1":{"start":{"line":12,"column":12},"end":{"line":12,"column":21}},"2":{"start":{"line":14,"column":0},"end":{"line":14,"column":39}},"3":{"start":{"line":15,"column":0},"end":{"line":15,"column":23}},"4":{"start":{"line":16,"column":0},"end":{"line":16,"column":48}},"5":{"start":{"line":17,"column":0},"end":{"line":17,"column":23}},"6":{"start":{"line":18,"column":0},"end":{"line":18,"column":22}},"7":{"start":{"line":19,"column":0},"end":{"line":19,"column":23}},"8":{"start":{"line":21,"column":0},"end":{"line":21,"column":51}},"9":{"start":{"line":21,"column":28},"end":{"line":21,"column":50}},"10":{"start":{"line":23,"column":0},"end":{"line":57,"column":2}},"11":{"start":{"line":24,"column":17},"end":{"line":24,"column":20}},"12":{"start":{"line":26,"column":2},"end":{"line":26,"column":46}},"13":{"start":{"line":26,"column":19},"end":{"line":26,"column":46}},"14":{"start":{"line":28,"column":2},"end":{"line":48,"column":3}},"15":{"start":{"line":29,"column":19},"end":{"line":42,"column":5}},"16":{"start":{"line":44,"column":4},"end":{"line":44,"column":69}},"17":{"start":{"line":46,"column":4},"end":{"line":46,"column":41}},"18":{"start":{"line":47,"column":4},"end":{"line":47,"column":31}},"19":{"start":{"line":50,"column":2},"end":{"line":56,"column":3}},"20":{"start":{"line":59,"column":0},"end":{"line":59,"column":20}}},"fnMap":{"0":{"name":"(anonymous_0)","decl":{"start":{"line":21,"column":8},"end":{"line":21,"column":9}},"loc":{"start":{"line":21,"column":28},"end":{"line":21,"column":50}},"line":21},"1":{"name":"(anonymous_1)","decl":{"start":{"line":23,"column":8},"end":{"line":23,"column":9}},"loc":{"start":{"line":23,"column":33},"end":{"line":57,"column":1}},"line":23}},"branchMap":{"0":{"loc":{"start":{"line":26,"column":2},"end":{"line":26,"column":46}},"type":"if","locations":[{"start":{"line":26,"column":2},"end":{"line":26,"column":46}},{"start":{"line":26,"column":2},"end":{"line":26,"column":46}}],"line":26},"1":{"loc":{"start":{"line":28,"column":2},"end":{"line":48,"column":3}},"type":"if","locations":[{"start":{"line":28,"column":2},"end":{"line":48,"column":3}},{"start":{"line":28,"column":2},"end":{"line":48,"column":3}}],"line":28}},"s":{"0":2,"1":2,"2":2,"3":2,"4":2,"5":2,"6":2,"7":2,"8":2,"9":0,"10":2,"11":4,"12":4,"13":0,"14":4,"15":4,"16":4,"17":0,"18":0,"19":0,"20":2},"f":{"0":0,"1":4},"b":{"0":[0,4],"1":[4,0]},"_coverageSchema":"43e27e138ebf9cfc5966b082cf9a028302ed4184","hash":"2d8c906ef9f2fa4095ceb068fa5ea884e65b4508"}
,"/Users/dongwook-kim/dev/projects/gangmom/restapi/src/caches/user.cache.js": {"path":"/Users/dongwook-kim/dev/projects/gangmom/restapi/src/caches/user.cache.js","statementMap":{"0":{"start":{"line":1,"column":14},"end":{"line":1,"column":30}},"1":{"start":{"line":2,"column":17},"end":{"line":2,"column":36}},"2":{"start":{"line":5,"column":15},"end":{"line":5,"column":35}},"3":{"start":{"line":6,"column":0},"end":{"line":8,"column":2}},"4":{"start":{"line":7,"column":2},"end":{"line":7,"column":37}},"5":{"start":{"line":10,"column":0},"end":{"line":10,"column":29}},"6":{"start":{"line":14,"column":4},"end":{"line":23,"column":5}},"7":{"start":{"line":15,"column":6},"end":{"line":15,"column":67}},"8":{"start":{"line":16,"column":6},"end":{"line":16,"column":73}},"9":{"start":{"line":17,"column":6},"end":{"line":20,"column":8}},"10":{"start":{"line":27,"column":4},"end":{"line":34,"column":5}},"11":{"start":{"line":28,"column":6},"end":{"line":33,"column":7}},"12":{"start":{"line":29,"column":8},"end":{"line":29,"column":51}},"13":{"start":{"line":32,"column":8},"end":{"line":32,"column":19}},"14":{"start":{"line":38,"column":4},"end":{"line":46,"column":5}},"15":{"start":{"line":39,"column":6},"end":{"line":45,"column":7}},"16":{"start":{"line":40,"column":21},"end":{"line":40,"column":64}},"17":{"start":{"line":41,"column":8},"end":{"line":41,"column":30}},"18":{"start":{"line":44,"column":8},"end":{"line":44,"column":19}},"19":{"start":{"line":47,"column":4},"end":{"line":47,"column":15}},"20":{"start":{"line":51,"column":4},"end":{"line":59,"column":5}},"21":{"start":{"line":52,"column":6},"end":{"line":58,"column":7}},"22":{"start":{"line":53,"column":21},"end":{"line":53,"column":65}},"23":{"start":{"line":54,"column":8},"end":{"line":54,"column":30}},"24":{"start":{"line":57,"column":8},"end":{"line":57,"column":19}}},"fnMap":{"0":{"name":"(anonymous_0)","decl":{"start":{"line":6,"column":19},"end":{"line":6,"column":20}},"loc":{"start":{"line":6,"column":24},"end":{"line":8,"column":1}},"line":6},"1":{"name":"(anonymous_1)","decl":{"start":{"line":13,"column":2},"end":{"line":13,"column":3}},"loc":{"start":{"line":13,"column":20},"end":{"line":24,"column":3}},"line":13},"2":{"name":"(anonymous_2)","decl":{"start":{"line":26,"column":2},"end":{"line":26,"column":3}},"loc":{"start":{"line":26,"column":19},"end":{"line":35,"column":3}},"line":26},"3":{"name":"(anonymous_3)","decl":{"start":{"line":37,"column":2},"end":{"line":37,"column":3}},"loc":{"start":{"line":37,"column":21},"end":{"line":48,"column":3}},"line":37},"4":{"name":"(anonymous_4)","decl":{"start":{"line":50,"column":2},"end":{"line":50,"column":3}},"loc":{"start":{"line":50,"column":27},"end":{"line":60,"column":3}},"line":50}},"branchMap":{"0":{"loc":{"start":{"line":27,"column":4},"end":{"line":34,"column":5}},"type":"if","locations":[{"start":{"line":27,"column":4},"end":{"line":34,"column":5}},{"start":{"line":27,"column":4},"end":{"line":34,"column":5}}],"line":27},"1":{"loc":{"start":{"line":38,"column":4},"end":{"line":46,"column":5}},"type":"if","locations":[{"start":{"line":38,"column":4},"end":{"line":46,"column":5}},{"start":{"line":38,"column":4},"end":{"line":46,"column":5}}],"line":38},"2":{"loc":{"start":{"line":51,"column":4},"end":{"line":59,"column":5}},"type":"if","locations":[{"start":{"line":51,"column":4},"end":{"line":59,"column":5}},{"start":{"line":51,"column":4},"end":{"line":59,"column":5}}],"line":51}},"s":{"0":3,"1":3,"2":3,"3":3,"4":0,"5":3,"6":7,"7":7,"8":0,"9":0,"10":7,"11":4,"12":4,"13":0,"14":0,"15":0,"16":0,"17":0,"18":0,"19":0,"20":3,"21":3,"22":3,"23":3,"24":0},"f":{"0":0,"1":7,"2":7,"3":0,"4":3},"b":{"0":[4,3],"1":[0,0],"2":[3,0]},"_coverageSchema":"43e27e138ebf9cfc5966b082cf9a028302ed4184","hash":"30a48adc9686a875ffc99180ba9a40108bfe06c3"}
,"/Users/dongwook-kim/dev/projects/gangmom/restapi/src/configs/sequelize.js": {"path":"/Users/dongwook-kim/dev/projects/gangmom/restapi/src/configs/sequelize.js","statementMap":{"0":{"start":{"line":1,"column":0},"end":{"line":1,"column":26}},"1":{"start":{"line":3,"column":0},"end":{"line":3,"column":69}},"2":{"start":{"line":3,"column":43},"end":{"line":3,"column":69}},"3":{"start":{"line":5,"column":22},"end":{"line":21,"column":1}},"4":{"start":{"line":23,"column":0},"end":{"line":47,"column":1}}},"fnMap":{},"branchMap":{"0":{"loc":{"start":{"line":3,"column":0},"end":{"line":3,"column":69}},"type":"if","locations":[{"start":{"line":3,"column":0},"end":{"line":3,"column":69}},{"start":{"line":3,"column":0},"end":{"line":3,"column":69}}],"line":3}},"s":{"0":3,"1":3,"2":3,"3":3,"4":3},"f":{},"b":{"0":[3,0]},"_coverageSchema":"43e27e138ebf9cfc5966b082cf9a028302ed4184","hash":"932631a37ace79786ff5b65ea1143584a7b1c11b"}
,"/Users/dongwook-kim/dev/projects/gangmom/restapi/src/configs/winston.js": {"path":"/Users/dongwook-kim/dev/projects/gangmom/restapi/src/configs/winston.js","statementMap":{"0":{"start":{"line":4,"column":15},"end":{"line":4,"column":37}},"1":{"start":{"line":6,"column":0},"end":{"line":8,"column":1}},"2":{"start":{"line":7,"column":2},"end":{"line":7,"column":22}},"3":{"start":{"line":10,"column":22},"end":{"line":14,"column":2}},"4":{"start":{"line":16,"column":23},"end":{"line":20,"column":2}},"5":{"start":{"line":22,"column":15},"end":{"line":24,"column":2}},"6":{"start":{"line":26,"column":15},"end":{"line":30,"column":1}},"7":{"start":{"line":28,"column":4},"end":{"line":28,"column":24}}},"fnMap":{"0":{"name":"(anonymous_0)","decl":{"start":{"line":27,"column":9},"end":{"line":27,"column":10}},"loc":{"start":{"line":27,"column":20},"end":{"line":29,"column":3}},"line":27}},"branchMap":{"0":{"loc":{"start":{"line":6,"column":0},"end":{"line":8,"column":1}},"type":"if","locations":[{"start":{"line":6,"column":0},"end":{"line":8,"column":1}},{"start":{"line":6,"column":0},"end":{"line":8,"column":1}}],"line":6}},"s":{"0":2,"1":2,"2":0,"3":2,"4":2,"5":2,"6":2,"7":7},"f":{"0":7},"b":{"0":[0,2]},"_coverageSchema":"43e27e138ebf9cfc5966b082cf9a028302ed4184","hash":"2fcf75ea27d159774794503a5face2b4a1b8e5ae"}
,"/Users/dongwook-kim/dev/projects/gangmom/restapi/src/controllers/v1/auth.controller.js": {"path":"/Users/dongwook-kim/dev/projects/gangmom/restapi/src/controllers/v1/auth.controller.js","statementMap":{"0":{"start":{"line":8,"column":14},"end":{"line":40,"column":1}},"1":{"start":{"line":9,"column":2},"end":{"line":39,"column":3}},"2":{"start":{"line":10,"column":18},"end":{"line":10,"column":32}},"3":{"start":{"line":11,"column":21},"end":{"line":11,"column":38}},"4":{"start":{"line":12,"column":21},"end":{"line":12,"column":35}},"5":{"start":{"line":13,"column":17},"end":{"line":13,"column":50}},"6":{"start":{"line":15,"column":4},"end":{"line":17,"column":5}},"7":{"start":{"line":16,"column":6},"end":{"line":16,"column":54}},"8":{"start":{"line":20,"column":18},"end":{"line":20,"column":63}},"9":{"start":{"line":22,"column":4},"end":{"line":24,"column":5}},"10":{"start":{"line":23,"column":6},"end":{"line":23,"column":53}},"11":{"start":{"line":27,"column":20},"end":{"line":30,"column":5}},"12":{"start":{"line":32,"column":18},"end":{"line":34,"column":6}},"13":{"start":{"line":36,"column":4},"end":{"line":36,"column":35}},"14":{"start":{"line":38,"column":4},"end":{"line":38,"column":11}},"15":{"start":{"line":42,"column":18},"end":{"line":49,"column":1}},"16":{"start":{"line":43,"column":2},"end":{"line":48,"column":3}},"17":{"start":{"line":44,"column":4},"end":{"line":44,"column":43}},"18":{"start":{"line":45,"column":4},"end":{"line":45,"column":34}},"19":{"start":{"line":47,"column":4},"end":{"line":47,"column":13}}},"fnMap":{"0":{"name":"(anonymous_0)","decl":{"start":{"line":8,"column":14},"end":{"line":8,"column":15}},"loc":{"start":{"line":8,"column":40},"end":{"line":40,"column":1}},"line":8},"1":{"name":"(anonymous_1)","decl":{"start":{"line":42,"column":18},"end":{"line":42,"column":19}},"loc":{"start":{"line":42,"column":44},"end":{"line":49,"column":1}},"line":42}},"branchMap":{"0":{"loc":{"start":{"line":15,"column":4},"end":{"line":17,"column":5}},"type":"if","locations":[{"start":{"line":15,"column":4},"end":{"line":17,"column":5}},{"start":{"line":15,"column":4},"end":{"line":17,"column":5}}],"line":15},"1":{"loc":{"start":{"line":22,"column":4},"end":{"line":24,"column":5}},"type":"if","locations":[{"start":{"line":22,"column":4},"end":{"line":24,"column":5}},{"start":{"line":22,"column":4},"end":{"line":24,"column":5}}],"line":22}},"s":{"0":2,"1":3,"2":3,"3":3,"4":3,"5":3,"6":3,"7":1,"8":2,"9":2,"10":1,"11":1,"12":1,"13":1,"14":0,"15":2,"16":1,"17":1,"18":0,"19":0},"f":{"0":3,"1":1},"b":{"0":[1,2],"1":[1,1]},"_coverageSchema":"43e27e138ebf9cfc5966b082cf9a028302ed4184","hash":"3ff987f87d132dc9ab3d82e4d926a15d3175a5f4"}
,"/Users/dongwook-kim/dev/projects/gangmom/restapi/src/controllers/v1/user.controller.js": {"path":"/Users/dongwook-kim/dev/projects/gangmom/restapi/src/controllers/v1/user.controller.js","statementMap":{"0":{"start":{"line":5,"column":12},"end":{"line":24,"column":1}},"1":{"start":{"line":6,"column":19},"end":{"line":6,"column":33}},"2":{"start":{"line":7,"column":2},"end":{"line":23,"column":3}},"3":{"start":{"line":8,"column":4},"end":{"line":20,"column":5}},"4":{"start":{"line":9,"column":19},"end":{"line":9,"column":55}},"5":{"start":{"line":11,"column":6},"end":{"line":13,"column":7}},"6":{"start":{"line":12,"column":8},"end":{"line":12,"column":66}},"7":{"start":{"line":15,"column":6},"end":{"line":15,"column":57}},"8":{"start":{"line":17,"column":20},"end":{"line":17,"column":40}},"9":{"start":{"line":19,"column":6},"end":{"line":19,"column":54}},"10":{"start":{"line":19,"column":40},"end":{"line":19,"column":52}},"11":{"start":{"line":22,"column":4},"end":{"line":22,"column":11}}},"fnMap":{"0":{"name":"(anonymous_0)","decl":{"start":{"line":5,"column":12},"end":{"line":5,"column":13}},"loc":{"start":{"line":5,"column":38},"end":{"line":24,"column":1}},"line":5},"1":{"name":"(anonymous_1)","decl":{"start":{"line":19,"column":32},"end":{"line":19,"column":33}},"loc":{"start":{"line":19,"column":40},"end":{"line":19,"column":52}},"line":19}},"branchMap":{"0":{"loc":{"start":{"line":8,"column":4},"end":{"line":20,"column":5}},"type":"if","locations":[{"start":{"line":8,"column":4},"end":{"line":20,"column":5}},{"start":{"line":8,"column":4},"end":{"line":20,"column":5}}],"line":8},"1":{"loc":{"start":{"line":11,"column":6},"end":{"line":13,"column":7}},"type":"if","locations":[{"start":{"line":11,"column":6},"end":{"line":13,"column":7}},{"start":{"line":11,"column":6},"end":{"line":13,"column":7}}],"line":11}},"s":{"0":2,"1":3,"2":3,"3":3,"4":2,"5":2,"6":1,"7":1,"8":1,"9":1,"10":3,"11":1},"f":{"0":3,"1":3},"b":{"0":[2,1],"1":[1,1]},"_coverageSchema":"43e27e138ebf9cfc5966b082cf9a028302ed4184","hash":"5b622858f2b8f38b9dfe6a46de32a7d3b4082e26"}
,"/Users/dongwook-kim/dev/projects/gangmom/restapi/src/middlewares/jwt.middleware.js": {"path":"/Users/dongwook-kim/dev/projects/gangmom/restapi/src/middlewares/jwt.middleware.js","statementMap":{"0":{"start":{"line":6,"column":2},"end":{"line":36,"column":3}},"1":{"start":{"line":7,"column":4},"end":{"line":7,"column":19}},"2":{"start":{"line":9,"column":4},"end":{"line":31,"column":5}},"3":{"start":{"line":11,"column":6},"end":{"line":21,"column":7}},"4":{"start":{"line":15,"column":10},"end":{"line":17,"column":11}},"5":{"start":{"line":16,"column":12},"end":{"line":16,"column":62}},"6":{"start":{"line":19,"column":10},"end":{"line":19,"column":29}},"7":{"start":{"line":23,"column":23},"end":{"line":23,"column":37}},"8":{"start":{"line":24,"column":19},"end":{"line":24,"column":44}},"9":{"start":{"line":26,"column":6},"end":{"line":28,"column":7}},"10":{"start":{"line":27,"column":8},"end":{"line":27,"column":56}},"11":{"start":{"line":30,"column":6},"end":{"line":30,"column":21}},"12":{"start":{"line":33,"column":4},"end":{"line":33,"column":10}},"13":{"start":{"line":35,"column":4},"end":{"line":35,"column":11}}},"fnMap":{"0":{"name":"(anonymous_0)","decl":{"start":{"line":5,"column":15},"end":{"line":5,"column":16}},"loc":{"start":{"line":5,"column":41},"end":{"line":37,"column":1}},"line":5},"1":{"name":"(anonymous_1)","decl":{"start":{"line":14,"column":8},"end":{"line":14,"column":9}},"loc":{"start":{"line":14,"column":26},"end":{"line":20,"column":9}},"line":14}},"branchMap":{"0":{"loc":{"start":{"line":9,"column":4},"end":{"line":31,"column":5}},"type":"if","locations":[{"start":{"line":9,"column":4},"end":{"line":31,"column":5}},{"start":{"line":9,"column":4},"end":{"line":31,"column":5}}],"line":9},"1":{"loc":{"start":{"line":15,"column":10},"end":{"line":17,"column":11}},"type":"if","locations":[{"start":{"line":15,"column":10},"end":{"line":17,"column":11}},{"start":{"line":15,"column":10},"end":{"line":17,"column":11}}],"line":15},"2":{"loc":{"start":{"line":26,"column":6},"end":{"line":28,"column":7}},"type":"if","locations":[{"start":{"line":26,"column":6},"end":{"line":28,"column":7}},{"start":{"line":26,"column":6},"end":{"line":28,"column":7}}],"line":26}},"s":{"0":7,"1":7,"2":7,"3":1,"4":1,"5":0,"6":1,"7":1,"8":1,"9":1,"10":0,"11":1,"12":7,"13":0},"f":{"0":7,"1":1},"b":{"0":[1,6],"1":[0,1],"2":[0,1]},"_coverageSchema":"43e27e138ebf9cfc5966b082cf9a028302ed4184","hash":"903db9f262e2c01ac5900342e23d0ed39c020597"}
,"/Users/dongwook-kim/dev/projects/gangmom/restapi/src/models/index.js": {"path":"/Users/dongwook-kim/dev/projects/gangmom/restapi/src/models/index.js","statementMap":{"0":{"start":{"line":4,"column":18},"end":{"line":4,"column":38}},"1":{"start":{"line":5,"column":15},"end":{"line":7,"column":1}},"2":{"start":{"line":8,"column":17},"end":{"line":8,"column":42}},"3":{"start":{"line":10,"column":15},"end":{"line":10,"column":17}},"4":{"start":{"line":13,"column":0},"end":{"line":22,"column":1}},"5":{"start":{"line":14,"column":2},"end":{"line":14,"column":73}},"6":{"start":{"line":16,"column":2},"end":{"line":21,"column":3}},"7":{"start":{"line":24,"column":0},"end":{"line":34,"column":4}},"8":{"start":{"line":27,"column":6},"end":{"line":29,"column":36}},"9":{"start":{"line":32,"column":18},"end":{"line":32,"column":65}},"10":{"start":{"line":33,"column":4},"end":{"line":33,"column":30}},"11":{"start":{"line":36,"column":0},"end":{"line":40,"column":2}},"12":{"start":{"line":37,"column":2},"end":{"line":39,"column":3}},"13":{"start":{"line":38,"column":4},"end":{"line":38,"column":39}},"14":{"start":{"line":42,"column":0},"end":{"line":42,"column":28}},"15":{"start":{"line":43,"column":0},"end":{"line":43,"column":28}}},"fnMap":{"0":{"name":"(anonymous_0)","decl":{"start":{"line":26,"column":4},"end":{"line":26,"column":5}},"loc":{"start":{"line":27,"column":6},"end":{"line":29,"column":36}},"line":27},"1":{"name":"(anonymous_1)","decl":{"start":{"line":31,"column":11},"end":{"line":31,"column":12}},"loc":{"start":{"line":31,"column":19},"end":{"line":34,"column":3}},"line":31},"2":{"name":"(anonymous_2)","decl":{"start":{"line":36,"column":28},"end":{"line":36,"column":29}},"loc":{"start":{"line":36,"column":41},"end":{"line":40,"column":1}},"line":36}},"branchMap":{"0":{"loc":{"start":{"line":13,"column":0},"end":{"line":22,"column":1}},"type":"if","locations":[{"start":{"line":13,"column":0},"end":{"line":22,"column":1}},{"start":{"line":13,"column":0},"end":{"line":22,"column":1}}],"line":13},"1":{"loc":{"start":{"line":27,"column":6},"end":{"line":29,"column":36}},"type":"binary-expr","locations":[{"start":{"line":27,"column":6},"end":{"line":27,"column":29}},{"start":{"line":28,"column":6},"end":{"line":28,"column":23}},{"start":{"line":29,"column":6},"end":{"line":29,"column":36}}],"line":27},"2":{"loc":{"start":{"line":37,"column":2},"end":{"line":39,"column":3}},"type":"if","locations":[{"start":{"line":37,"column":2},"end":{"line":39,"column":3}},{"start":{"line":37,"column":2},"end":{"line":39,"column":3}}],"line":37}},"s":{"0":3,"1":3,"2":3,"3":3,"4":3,"5":0,"6":3,"7":3,"8":6,"9":3,"10":3,"11":3,"12":3,"13":3,"14":3,"15":3},"f":{"0":6,"1":3,"2":3},"b":{"0":[0,3],"1":[6,6,3],"2":[3,0]},"_coverageSchema":"43e27e138ebf9cfc5966b082cf9a028302ed4184","hash":"af7eaf6a17e85526f192713e0dbb15ec793af63e"}
,"/Users/dongwook-kim/dev/projects/gangmom/restapi/src/models/user.model.js": {"path":"/Users/dongwook-kim/dev/projects/gangmom/restapi/src/models/user.model.js","statementMap":{"0":{"start":{"line":7,"column":0},"end":{"line":67,"column":1}},"1":{"start":{"line":8,"column":15},"end":{"line":37,"column":3}},"2":{"start":{"line":15,"column":28},"end":{"line":15,"column":54}},"3":{"start":{"line":17,"column":10},"end":{"line":17,"column":71}},"4":{"start":{"line":39,"column":2},"end":{"line":41,"column":3}},"5":{"start":{"line":44,"column":2},"end":{"line":49,"column":4}},"6":{"start":{"line":45,"column":4},"end":{"line":48,"column":5}},"7":{"start":{"line":46,"column":19},"end":{"line":46,"column":43}},"8":{"start":{"line":47,"column":6},"end":{"line":47,"column":60}},"9":{"start":{"line":51,"column":2},"end":{"line":54,"column":4}},"10":{"start":{"line":52,"column":22},"end":{"line":52,"column":37}},"11":{"start":{"line":53,"column":4},"end":{"line":53,"column":31}},"12":{"start":{"line":57,"column":2},"end":{"line":64,"column":3}},"13":{"start":{"line":58,"column":19},"end":{"line":58,"column":48}},"14":{"start":{"line":60,"column":4},"end":{"line":60,"column":20}},"15":{"start":{"line":61,"column":4},"end":{"line":61,"column":26}},"16":{"start":{"line":63,"column":4},"end":{"line":63,"column":17}},"17":{"start":{"line":66,"column":2},"end":{"line":66,"column":13}}},"fnMap":{"0":{"name":"(anonymous_0)","decl":{"start":{"line":7,"column":17},"end":{"line":7,"column":18}},"loc":{"start":{"line":7,"column":43},"end":{"line":67,"column":1}},"line":7},"1":{"name":"(anonymous_1)","decl":{"start":{"line":15,"column":22},"end":{"line":15,"column":23}},"loc":{"start":{"line":15,"column":28},"end":{"line":15,"column":54}},"line":15},"2":{"name":"(anonymous_2)","decl":{"start":{"line":16,"column":13},"end":{"line":16,"column":14}},"loc":{"start":{"line":16,"column":24},"end":{"line":18,"column":9}},"line":16},"3":{"name":"(anonymous_3)","decl":{"start":{"line":39,"column":19},"end":{"line":39,"column":20}},"loc":{"start":{"line":39,"column":36},"end":{"line":41,"column":3}},"line":39},"4":{"name":"(anonymous_4)","decl":{"start":{"line":44,"column":18},"end":{"line":44,"column":19}},"loc":{"start":{"line":44,"column":43},"end":{"line":49,"column":3}},"line":44},"5":{"name":"(anonymous_5)","decl":{"start":{"line":51,"column":17},"end":{"line":51,"column":18}},"loc":{"start":{"line":51,"column":42},"end":{"line":54,"column":3}},"line":51},"6":{"name":"(anonymous_6)","decl":{"start":{"line":57,"column":25},"end":{"line":57,"column":26}},"loc":{"start":{"line":57,"column":36},"end":{"line":64,"column":3}},"line":57}},"branchMap":{"0":{"loc":{"start":{"line":45,"column":4},"end":{"line":48,"column":5}},"type":"if","locations":[{"start":{"line":45,"column":4},"end":{"line":48,"column":5}},{"start":{"line":45,"column":4},"end":{"line":48,"column":5}}],"line":45}},"s":{"0":3,"1":3,"2":4,"3":12,"4":3,"5":3,"6":4,"7":4,"8":4,"9":3,"10":4,"11":4,"12":3,"13":0,"14":0,"15":0,"16":0,"17":3},"f":{"0":3,"1":4,"2":12,"3":3,"4":4,"5":4,"6":0},"b":{"0":[4,0]},"_coverageSchema":"43e27e138ebf9cfc5966b082cf9a028302ed4184","hash":"9ac6481a8a10bc8b93d57e2a5191097e8c2823ca"}
,"/Users/dongwook-kim/dev/projects/gangmom/restapi/src/repositories/user.repository.js": {"path":"/Users/dongwook-kim/dev/projects/gangmom/restapi/src/repositories/user.repository.js","statementMap":{"0":{"start":{"line":7,"column":4},"end":{"line":7,"column":36}},"1":{"start":{"line":11,"column":17},"end":{"line":11,"column":47}},"2":{"start":{"line":12,"column":4},"end":{"line":12,"column":36}},"3":{"start":{"line":13,"column":4},"end":{"line":13,"column":35}},"4":{"start":{"line":17,"column":18},"end":{"line":17,"column":45}},"5":{"start":{"line":18,"column":4},"end":{"line":18,"column":54}},"6":{"start":{"line":18,"column":29},"end":{"line":18,"column":53}},"7":{"start":{"line":22,"column":15},"end":{"line":22,"column":46}},"8":{"start":{"line":24,"column":4},"end":{"line":31,"column":5}},"9":{"start":{"line":26,"column":6},"end":{"line":30,"column":8}},"10":{"start":{"line":33,"column":4},"end":{"line":33,"column":35}},"11":{"start":{"line":37,"column":15},"end":{"line":37,"column":48}},"12":{"start":{"line":39,"column":4},"end":{"line":41,"column":5}},"13":{"start":{"line":40,"column":6},"end":{"line":40,"column":43}},"14":{"start":{"line":43,"column":4},"end":{"line":43,"column":35}},"15":{"start":{"line":47,"column":15},"end":{"line":47,"column":54}},"16":{"start":{"line":49,"column":4},"end":{"line":55,"column":5}},"17":{"start":{"line":50,"column":6},"end":{"line":54,"column":8}},"18":{"start":{"line":57,"column":4},"end":{"line":57,"column":35}}},"fnMap":{"0":{"name":"(anonymous_0)","decl":{"start":{"line":6,"column":2},"end":{"line":6,"column":3}},"loc":{"start":{"line":6,"column":16},"end":{"line":8,"column":3}},"line":6},"1":{"name":"(anonymous_1)","decl":{"start":{"line":10,"column":2},"end":{"line":10,"column":3}},"loc":{"start":{"line":10,"column":20},"end":{"line":14,"column":3}},"line":10},"2":{"name":"(anonymous_2)","decl":{"start":{"line":16,"column":2},"end":{"line":16,"column":3}},"loc":{"start":{"line":16,"column":14},"end":{"line":19,"column":3}},"line":16},"3":{"name":"(anonymous_3)","decl":{"start":{"line":18,"column":21},"end":{"line":18,"column":22}},"loc":{"start":{"line":18,"column":29},"end":{"line":18,"column":53}},"line":18},"4":{"name":"(anonymous_4)","decl":{"start":{"line":21,"column":2},"end":{"line":21,"column":3}},"loc":{"start":{"line":21,"column":19},"end":{"line":34,"column":3}},"line":21},"5":{"name":"(anonymous_5)","decl":{"start":{"line":36,"column":2},"end":{"line":36,"column":3}},"loc":{"start":{"line":36,"column":21},"end":{"line":44,"column":3}},"line":36},"6":{"name":"(anonymous_6)","decl":{"start":{"line":46,"column":2},"end":{"line":46,"column":3}},"loc":{"start":{"line":46,"column":27},"end":{"line":58,"column":3}},"line":46}},"branchMap":{"0":{"loc":{"start":{"line":24,"column":4},"end":{"line":31,"column":5}},"type":"if","locations":[{"start":{"line":24,"column":4},"end":{"line":31,"column":5}},{"start":{"line":24,"column":4},"end":{"line":31,"column":5}}],"line":24},"1":{"loc":{"start":{"line":39,"column":4},"end":{"line":41,"column":5}},"type":"if","locations":[{"start":{"line":39,"column":4},"end":{"line":41,"column":5}},{"start":{"line":39,"column":4},"end":{"line":41,"column":5}}],"line":39},"2":{"loc":{"start":{"line":49,"column":4},"end":{"line":55,"column":5}},"type":"if","locations":[{"start":{"line":49,"column":4},"end":{"line":55,"column":5}},{"start":{"line":49,"column":4},"end":{"line":55,"column":5}}],"line":49}},"s":{"0":10,"1":3,"2":3,"3":3,"4":1,"5":1,"6":3,"7":4,"8":4,"9":4,"10":4,"11":0,"12":0,"13":0,"14":0,"15":3,"16":3,"17":3,"18":3},"f":{"0":10,"1":3,"2":1,"3":3,"4":4,"5":0,"6":3},"b":{"0":[4,0],"1":[0,0],"2":[3,0]},"_coverageSchema":"43e27e138ebf9cfc5966b082cf9a028302ed4184","hash":"f04ffc9595034086dbd6c285117de6a7024a8c47"}
,"/Users/dongwook-kim/dev/projects/gangmom/restapi/src/routes/v1/auth.route.js": {"path":"/Users/dongwook-kim/dev/projects/gangmom/restapi/src/routes/v1/auth.route.js","statementMap":{"0":{"start":{"line":4,"column":15},"end":{"line":4,"column":31}},"1":{"start":{"line":6,"column":0},"end":{"line":6,"column":34}},"2":{"start":{"line":7,"column":0},"end":{"line":7,"column":41}}},"fnMap":{},"branchMap":{},"s":{"0":2,"1":2,"2":2},"f":{},"b":{},"_coverageSchema":"43e27e138ebf9cfc5966b082cf9a028302ed4184","hash":"d7d2a183dc7b308f61f45cd22456fa1b59193a35"}
,"/Users/dongwook-kim/dev/projects/gangmom/restapi/src/routes/v1/index.js": {"path":"/Users/dongwook-kim/dev/projects/gangmom/restapi/src/routes/v1/index.js","statementMap":{"0":{"start":{"line":5,"column":15},"end":{"line":5,"column":31}},"1":{"start":{"line":6,"column":16},"end":{"line":6,"column":41}},"2":{"start":{"line":8,"column":0},"end":{"line":17,"column":3}},"3":{"start":{"line":11,"column":6},"end":{"line":13,"column":36}},"4":{"start":{"line":16,"column":4},"end":{"line":16,"column":80}}},"fnMap":{"0":{"name":"(anonymous_0)","decl":{"start":{"line":10,"column":4},"end":{"line":10,"column":5}},"loc":{"start":{"line":11,"column":6},"end":{"line":13,"column":36}},"line":11},"1":{"name":"(anonymous_1)","decl":{"start":{"line":15,"column":11},"end":{"line":15,"column":12}},"loc":{"start":{"line":16,"column":4},"end":{"line":16,"column":80}},"line":16}},"branchMap":{"0":{"loc":{"start":{"line":11,"column":6},"end":{"line":13,"column":36}},"type":"binary-expr","locations":[{"start":{"line":11,"column":6},"end":{"line":11,"column":29}},{"start":{"line":12,"column":6},"end":{"line":12,"column":22}},{"start":{"line":13,"column":6},"end":{"line":13,"column":36}}],"line":11}},"s":{"0":2,"1":2,"2":2,"3":6,"4":4},"f":{"0":6,"1":4},"b":{"0":[6,6,4]},"_coverageSchema":"43e27e138ebf9cfc5966b082cf9a028302ed4184","hash":"04768d3de4bfef9fcd7bf0217aff8632a86ce478"}
,"/Users/dongwook-kim/dev/projects/gangmom/restapi/src/routes/v1/users.route.js": {"path":"/Users/dongwook-kim/dev/projects/gangmom/restapi/src/routes/v1/users.route.js","statementMap":{"0":{"start":{"line":4,"column":15},"end":{"line":4,"column":31}},"1":{"start":{"line":6,"column":0},"end":{"line":6,"column":32}}},"fnMap":{},"branchMap":{},"s":{"0":2,"1":2},"f":{},"b":{},"_coverageSchema":"43e27e138ebf9cfc5966b082cf9a028302ed4184","hash":"3bf57ac77b3d64c75485c3c08aace5cf2d917876"}
,"/Users/dongwook-kim/dev/projects/gangmom/restapi/src/utils/response.js": {"path":"/Users/dongwook-kim/dev/projects/gangmom/restapi/src/utils/response.js","statementMap":{"0":{"start":{"line":1,"column":19},"end":{"line":1,"column":41}},"1":{"start":{"line":4,"column":15},"end":{"line":6,"column":3}},"2":{"start":{"line":8,"column":2},"end":{"line":10,"column":3}},"3":{"start":{"line":9,"column":4},"end":{"line":9,"column":26}},"4":{"start":{"line":12,"column":2},"end":{"line":19,"column":3}},"5":{"start":{"line":13,"column":4},"end":{"line":18,"column":5}},"6":{"start":{"line":21,"column":2},"end":{"line":21,"column":38}}},"fnMap":{"0":{"name":"(anonymous_0)","decl":{"start":{"line":3,"column":15},"end":{"line":3,"column":16}},"loc":{"start":{"line":3,"column":57},"end":{"line":22,"column":1}},"line":3}},"branchMap":{"0":{"loc":{"start":{"line":3,"column":21},"end":{"line":3,"column":30}},"type":"default-arg","locations":[{"start":{"line":3,"column":28},"end":{"line":3,"column":30}}],"line":3},"1":{"loc":{"start":{"line":3,"column":32},"end":{"line":3,"column":52}},"type":"default-arg","locations":[{"start":{"line":3,"column":39},"end":{"line":3,"column":52}}],"line":3},"2":{"loc":{"start":{"line":8,"column":2},"end":{"line":10,"column":3}},"type":"if","locations":[{"start":{"line":8,"column":2},"end":{"line":10,"column":3}},{"start":{"line":8,"column":2},"end":{"line":10,"column":3}}],"line":8},"3":{"loc":{"start":{"line":12,"column":2},"end":{"line":19,"column":3}},"type":"if","locations":[{"start":{"line":12,"column":2},"end":{"line":19,"column":3}},{"start":{"line":12,"column":2},"end":{"line":19,"column":3}}],"line":12}},"s":{"0":2,"1":1,"2":1,"3":0,"4":1,"5":1,"6":1},"f":{"0":1},"b":{"0":[0],"1":[1],"2":[0,1],"3":[1,0]},"_coverageSchema":"43e27e138ebf9cfc5966b082cf9a028302ed4184","hash":"6370ee261c23638c52c2a26406eaabf6fa9e38c3"}
,"/Users/dongwook-kim/dev/projects/gangmom/restapi/src/utils/uuid.js": {"path":"/Users/dongwook-kim/dev/projects/gangmom/restapi/src/utils/uuid.js","statementMap":{"0":{"start":{"line":3,"column":13},"end":{"line":6,"column":1}},"1":{"start":{"line":4,"column":17},"end":{"line":4,"column":35}},"2":{"start":{"line":5,"column":2},"end":{"line":5,"column":66}}},"fnMap":{"0":{"name":"(anonymous_0)","decl":{"start":{"line":3,"column":13},"end":{"line":3,"column":14}},"loc":{"start":{"line":3,"column":19},"end":{"line":6,"column":1}},"line":3}},"branchMap":{},"s":{"0":3,"1":6,"2":6},"f":{"0":6},"b":{},"_coverageSchema":"43e27e138ebf9cfc5966b082cf9a028302ed4184","hash":"88b1809b79929e9351589ca887c68fc2b6a5a1c1"}
,"/Users/dongwook-kim/dev/projects/gangmom/restapi/src/wrappers/index.js": {"path":"/Users/dongwook-kim/dev/projects/gangmom/restapi/src/wrappers/index.js","statementMap":{"0":{"start":{"line":3,"column":4},"end":{"line":7,"column":5}},"1":{"start":{"line":4,"column":6},"end":{"line":4,"column":39}},"2":{"start":{"line":6,"column":6},"end":{"line":6,"column":42}},"3":{"start":{"line":11,"column":4},"end":{"line":13,"column":5}},"4":{"start":{"line":12,"column":6},"end":{"line":12,"column":17}},"5":{"start":{"line":15,"column":4},"end":{"line":15,"column":27}},"6":{"start":{"line":19,"column":4},"end":{"line":19,"column":15}},"7":{"start":{"line":23,"column":4},"end":{"line":23,"column":15}}},"fnMap":{"0":{"name":"(anonymous_0)","decl":{"start":{"line":2,"column":2},"end":{"line":2,"column":3}},"loc":{"start":{"line":2,"column":19},"end":{"line":8,"column":3}},"line":2},"1":{"name":"(anonymous_1)","decl":{"start":{"line":10,"column":2},"end":{"line":10,"column":3}},"loc":{"start":{"line":10,"column":21},"end":{"line":16,"column":3}},"line":10},"2":{"name":"(anonymous_2)","decl":{"start":{"line":18,"column":2},"end":{"line":18,"column":3}},"loc":{"start":{"line":18,"column":11},"end":{"line":20,"column":3}},"line":18},"3":{"name":"(anonymous_3)","decl":{"start":{"line":22,"column":2},"end":{"line":22,"column":3}},"loc":{"start":{"line":22,"column":10},"end":{"line":24,"column":3}},"line":22}},"branchMap":{"0":{"loc":{"start":{"line":3,"column":4},"end":{"line":7,"column":5}},"type":"if","locations":[{"start":{"line":3,"column":4},"end":{"line":7,"column":5}},{"start":{"line":3,"column":4},"end":{"line":7,"column":5}}],"line":3},"1":{"loc":{"start":{"line":11,"column":4},"end":{"line":13,"column":5}},"type":"if","locations":[{"start":{"line":11,"column":4},"end":{"line":13,"column":5}},{"start":{"line":11,"column":4},"end":{"line":13,"column":5}}],"line":11}},"s":{"0":11,"1":11,"2":0,"3":13,"4":2,"5":11,"6":4,"7":4},"f":{"0":11,"1":13,"2":4,"3":4},"b":{"0":[11,0],"1":[2,11]},"_coverageSchema":"43e27e138ebf9cfc5966b082cf9a028302ed4184","hash":"8abafb762d052a15c645870ecd99a32b275c3c37"}
,"/Users/dongwook-kim/dev/projects/gangmom/restapi/src/wrappers/user.wrapper.js": {"path":"/Users/dongwook-kim/dev/projects/gangmom/restapi/src/wrappers/user.wrapper.js","statementMap":{"0":{"start":{"line":5,"column":19},"end":{"line":5,"column":42}},"1":{"start":{"line":6,"column":4},"end":{"line":6,"column":26}},"2":{"start":{"line":8,"column":4},"end":{"line":8,"column":17}}},"fnMap":{"0":{"name":"(anonymous_0)","decl":{"start":{"line":4,"column":2},"end":{"line":4,"column":3}},"loc":{"start":{"line":4,"column":10},"end":{"line":9,"column":3}},"line":4}},"branchMap":{},"s":{"0":0,"1":0,"2":0},"f":{"0":0},"b":{},"_coverageSchema":"43e27e138ebf9cfc5966b082cf9a028302ed4184","hash":"f9f17dba715b6af4286f23fcfb4757c32ad0aae6"}
}
