TN:
SF:/Users/dongwook-kim/dev/projects/gangmom/restapi/src/app.js
FN:21,(anonymous_0)
FN:23,(anonymous_1)
FNF:2
FNH:1
FNDA:0,(anonymous_0)
FNDA:4,(anonymous_1)
DA:1,2
DA:12,2
DA:14,2
DA:15,2
DA:16,2
DA:17,2
DA:18,2
DA:19,2
DA:21,2
DA:23,2
DA:24,4
DA:26,4
DA:28,4
DA:29,4
DA:44,4
DA:46,0
DA:47,0
DA:50,0
DA:59,2
LF:19
LH:16
BRDA:26,0,0,0
BRDA:26,0,1,4
BRDA:28,1,0,4
BRDA:28,1,1,0
BRF:4
BRH:2
end_of_record
TN:
SF:/Users/dongwook-kim/dev/projects/gangmom/restapi/src/caches/user.cache.js
FN:6,(anonymous_0)
FN:13,(anonymous_1)
FN:26,(anonymous_2)
FN:37,(anonymous_3)
FN:50,(anonymous_4)
FNF:5
FNH:3
FNDA:0,(anonymous_0)
FNDA:7,(anonymous_1)
FNDA:7,(anonymous_2)
FNDA:0,(anonymous_3)
FNDA:3,(anonymous_4)
DA:1,3
DA:2,3
DA:5,3
DA:6,3
DA:7,0
DA:10,3
DA:14,7
DA:15,7
DA:16,0
DA:17,0
DA:27,7
DA:28,4
DA:29,4
DA:32,0
DA:38,0
DA:39,0
DA:40,0
DA:41,0
DA:44,0
DA:47,0
DA:51,3
DA:52,3
DA:53,3
DA:54,3
DA:57,0
LF:25
LH:14
BRDA:27,0,0,4
BRDA:27,0,1,3
BRDA:38,1,0,0
BRDA:38,1,1,0
BRDA:51,2,0,3
BRDA:51,2,1,0
BRF:6
BRH:3
end_of_record
TN:
SF:/Users/dongwook-kim/dev/projects/gangmom/restapi/src/configs/sequelize.js
FNF:0
FNH:0
DA:1,3
DA:3,3
DA:5,3
DA:23,3
LF:4
LH:4
BRDA:3,0,0,3
BRDA:3,0,1,0
BRF:2
BRH:1
end_of_record
TN:
SF:/Users/dongwook-kim/dev/projects/gangmom/restapi/src/configs/winston.js
FN:27,(anonymous_0)
FNF:1
FNH:1
FNDA:7,(anonymous_0)
DA:4,2
DA:6,2
DA:7,0
DA:10,2
DA:16,2
DA:22,2
DA:26,2
DA:28,7
LF:8
LH:7
BRDA:6,0,0,0
BRDA:6,0,1,2
BRF:2
BRH:1
end_of_record
TN:
SF:/Users/dongwook-kim/dev/projects/gangmom/restapi/src/controllers/v1/auth.controller.js
FN:8,(anonymous_0)
FN:42,(anonymous_1)
FNF:2
FNH:2
FNDA:3,(anonymous_0)
FNDA:1,(anonymous_1)
DA:8,2
DA:9,3
DA:10,3
DA:11,3
DA:12,3
DA:13,3
DA:15,3
DA:16,1
DA:20,2
DA:22,2
DA:23,1
DA:27,1
DA:32,1
DA:36,1
DA:38,0
DA:42,2
DA:43,1
DA:44,1
DA:45,0
DA:47,0
LF:20
LH:17
BRDA:15,0,0,1
BRDA:15,0,1,2
BRDA:22,1,0,1
BRDA:22,1,1,1
BRF:4
BRH:4
end_of_record
TN:
SF:/Users/dongwook-kim/dev/projects/gangmom/restapi/src/controllers/v1/user.controller.js
FN:5,(anonymous_0)
FN:19,(anonymous_1)
FNF:2
FNH:2
FNDA:3,(anonymous_0)
FNDA:3,(anonymous_1)
DA:5,2
DA:6,3
DA:7,3
DA:8,3
DA:9,2
DA:11,2
DA:12,1
DA:15,1
DA:17,1
DA:19,3
DA:22,1
LF:11
LH:11
BRDA:8,0,0,2
BRDA:8,0,1,1
BRDA:11,1,0,1
BRDA:11,1,1,1
BRF:4
BRH:4
end_of_record
TN:
SF:/Users/dongwook-kim/dev/projects/gangmom/restapi/src/middlewares/jwt.middleware.js
FN:5,(anonymous_0)
FN:14,(anonymous_1)
FNF:2
FNH:2
FNDA:7,(anonymous_0)
FNDA:1,(anonymous_1)
DA:6,7
DA:7,7
DA:9,7
DA:11,1
DA:15,1
DA:16,0
DA:19,1
DA:23,1
DA:24,1
DA:26,1
DA:27,0
DA:30,1
DA:33,7
DA:35,0
LF:14
LH:11
BRDA:9,0,0,1
BRDA:9,0,1,6
BRDA:15,1,0,0
BRDA:15,1,1,1
BRDA:26,2,0,0
BRDA:26,2,1,1
BRF:6
BRH:4
end_of_record
TN:
SF:/Users/dongwook-kim/dev/projects/gangmom/restapi/src/models/index.js
FN:26,(anonymous_0)
FN:31,(anonymous_1)
FN:36,(anonymous_2)
FNF:3
FNH:3
FNDA:6,(anonymous_0)
FNDA:3,(anonymous_1)
FNDA:3,(anonymous_2)
DA:4,3
DA:5,3
DA:8,3
DA:10,3
DA:13,3
DA:14,0
DA:16,3
DA:24,3
DA:27,6
DA:32,3
DA:33,3
DA:36,3
DA:37,3
DA:38,3
DA:42,3
DA:43,3
LF:16
LH:15
BRDA:13,0,0,0
BRDA:13,0,1,3
BRDA:27,1,0,6
BRDA:27,1,1,6
BRDA:27,1,2,3
BRDA:37,2,0,3
BRDA:37,2,1,0
BRF:7
BRH:5
end_of_record
TN:
SF:/Users/dongwook-kim/dev/projects/gangmom/restapi/src/models/user.model.js
FN:7,(anonymous_0)
FN:15,(anonymous_1)
FN:16,(anonymous_2)
FN:39,(anonymous_3)
FN:44,(anonymous_4)
FN:51,(anonymous_5)
FN:57,(anonymous_6)
FNF:7
FNH:6
FNDA:3,(anonymous_0)
FNDA:4,(anonymous_1)
FNDA:12,(anonymous_2)
FNDA:3,(anonymous_3)
FNDA:4,(anonymous_4)
FNDA:4,(anonymous_5)
FNDA:0,(anonymous_6)
DA:7,3
DA:8,3
DA:15,4
DA:17,12
DA:39,3
DA:44,3
DA:45,4
DA:46,4
DA:47,4
DA:51,3
DA:52,4
DA:53,4
DA:57,3
DA:58,0
DA:60,0
DA:61,0
DA:63,0
DA:66,3
LF:18
LH:14
BRDA:45,0,0,4
BRDA:45,0,1,0
BRF:2
BRH:1
end_of_record
TN:
SF:/Users/dongwook-kim/dev/projects/gangmom/restapi/src/repositories/user.repository.js
FN:6,(anonymous_0)
FN:10,(anonymous_1)
FN:16,(anonymous_2)
FN:18,(anonymous_3)
FN:21,(anonymous_4)
FN:36,(anonymous_5)
FN:46,(anonymous_6)
FNF:7
FNH:6
FNDA:10,(anonymous_0)
FNDA:3,(anonymous_1)
FNDA:1,(anonymous_2)
FNDA:3,(anonymous_3)
FNDA:4,(anonymous_4)
FNDA:0,(anonymous_5)
FNDA:3,(anonymous_6)
DA:7,10
DA:11,3
DA:12,3
DA:13,3
DA:17,1
DA:18,3
DA:22,4
DA:24,4
DA:26,4
DA:33,4
DA:37,0
DA:39,0
DA:40,0
DA:43,0
DA:47,3
DA:49,3
DA:50,3
DA:57,3
LF:18
LH:14
BRDA:24,0,0,4
BRDA:24,0,1,0
BRDA:39,1,0,0
BRDA:39,1,1,0
BRDA:49,2,0,3
BRDA:49,2,1,0
BRF:6
BRH:2
end_of_record
TN:
SF:/Users/dongwook-kim/dev/projects/gangmom/restapi/src/routes/v1/auth.route.js
FNF:0
FNH:0
DA:4,2
DA:6,2
DA:7,2
LF:3
LH:3
BRF:0
BRH:0
end_of_record
TN:
SF:/Users/dongwook-kim/dev/projects/gangmom/restapi/src/routes/v1/index.js
FN:10,(anonymous_0)
FN:15,(anonymous_1)
FNF:2
FNH:2
FNDA:6,(anonymous_0)
FNDA:4,(anonymous_1)
DA:5,2
DA:6,2
DA:8,2
DA:11,6
DA:16,4
LF:5
LH:5
BRDA:11,0,0,6
BRDA:11,0,1,6
BRDA:11,0,2,4
BRF:3
BRH:3
end_of_record
TN:
SF:/Users/dongwook-kim/dev/projects/gangmom/restapi/src/routes/v1/users.route.js
FNF:0
FNH:0
DA:4,2
DA:6,2
LF:2
LH:2
BRF:0
BRH:0
end_of_record
TN:
SF:/Users/dongwook-kim/dev/projects/gangmom/restapi/src/utils/response.js
FN:3,(anonymous_0)
FNF:1
FNH:1
FNDA:1,(anonymous_0)
DA:1,2
DA:4,1
DA:8,1
DA:9,0
DA:12,1
DA:13,1
DA:21,1
LF:7
LH:6
BRDA:3,0,0,0
BRDA:3,1,0,1
BRDA:8,2,0,0
BRDA:8,2,1,1
BRDA:12,3,0,1
BRDA:12,3,1,0
BRF:6
BRH:3
end_of_record
TN:
SF:/Users/dongwook-kim/dev/projects/gangmom/restapi/src/utils/uuid.js
FN:3,(anonymous_0)
FNF:1
FNH:1
FNDA:6,(anonymous_0)
DA:3,3
DA:4,6
DA:5,6
LF:3
LH:3
BRF:0
BRH:0
end_of_record
TN:
SF:/Users/dongwook-kim/dev/projects/gangmom/restapi/src/wrappers/index.js
FN:2,(anonymous_0)
FN:10,(anonymous_1)
FN:18,(anonymous_2)
FN:22,(anonymous_3)
FNF:4
FNH:4
FNDA:11,(anonymous_0)
FNDA:13,(anonymous_1)
FNDA:4,(anonymous_2)
FNDA:4,(anonymous_3)
DA:3,11
DA:4,11
DA:6,0
DA:11,13
DA:12,2
DA:15,11
DA:19,4
DA:23,4
LF:8
LH:7
BRDA:3,0,0,11
BRDA:3,0,1,0
BRDA:11,1,0,2
BRDA:11,1,1,11
BRF:4
BRH:3
end_of_record
TN:
SF:/Users/dongwook-kim/dev/projects/gangmom/restapi/src/wrappers/user.wrapper.js
FN:4,(anonymous_0)
FNF:1
FNH:0
FNDA:0,(anonymous_0)
DA:5,0
DA:6,0
DA:8,0
LF:3
LH:0
BRF:0
BRH:0
end_of_record
