TN:
SF:/Users/dongwook-kim/dev/projects/gangmom/restapi/src/app.js
FN:19,(anonymous_0)
FN:21,(anonymous_1)
FNF:2
FNH:1
FNDA:0,(anonymous_0)
FNDA:1,(anonymous_1)
DA:1,1
DA:10,1
DA:12,1
DA:13,1
DA:14,1
DA:15,1
DA:16,1
DA:19,1
DA:21,1
DA:22,1
DA:24,1
DA:26,1
DA:27,1
DA:29,1
DA:37,1
LF:15
LH:15
BRDA:24,0,0,0
BRDA:24,0,1,1
BRDA:27,1,0,0
BRDA:27,1,1,1
BRF:4
BRH:2
end_of_record
TN:
SF:/Users/dongwook-kim/dev/projects/gangmom/restapi/src/configs/sequelize.js
FNF:0
FNH:0
DA:1,2
DA:3,2
DA:5,2
DA:23,2
LF:4
LH:4
BRDA:3,0,0,2
BRDA:3,0,1,0
BRF:2
BRH:1
end_of_record
TN:
SF:/Users/dongwook-kim/dev/projects/gangmom/restapi/src/controllers/v1/user.controller.js
FN:5,(anonymous_0)
FN:18,(anonymous_1)
FNF:2
FNH:2
FNDA:3,(anonymous_0)
FNDA:3,(anonymous_1)
DA:5,1
DA:6,3
DA:7,3
DA:8,2
DA:10,2
DA:11,1
DA:14,1
DA:16,1
DA:18,3
DA:21,1
LF:10
LH:10
BRDA:7,0,0,2
BRDA:7,0,1,1
BRDA:10,1,0,1
BRDA:10,1,1,1
BRF:4
BRH:4
end_of_record
TN:
SF:/Users/dongwook-kim/dev/projects/gangmom/restapi/src/models/index.js
FN:26,(anonymous_0)
FN:31,(anonymous_1)
FN:36,(anonymous_2)
FNF:3
FNH:3
FNDA:4,(anonymous_0)
FNDA:2,(anonymous_1)
FNDA:2,(anonymous_2)
DA:4,2
DA:5,2
DA:8,2
DA:10,2
DA:13,2
DA:14,0
DA:16,2
DA:24,2
DA:27,4
DA:32,2
DA:33,2
DA:36,2
DA:37,2
DA:38,2
DA:42,2
DA:43,2
LF:16
LH:15
BRDA:13,0,0,0
BRDA:13,0,1,2
BRDA:27,1,0,4
BRDA:27,1,1,4
BRDA:27,1,2,2
BRDA:37,2,0,2
BRDA:37,2,1,0
BRF:7
BRH:5
end_of_record
TN:
SF:/Users/dongwook-kim/dev/projects/gangmom/restapi/src/models/user.model.js
FN:5,(anonymous_0)
FN:13,(anonymous_1)
FN:14,(anonymous_2)
FN:37,(anonymous_3)
FN:44,(anonymous_4)
FNF:5
FNH:5
FNDA:2,(anonymous_0)
FNDA:3,(anonymous_1)
FNDA:6,(anonymous_2)
FNDA:2,(anonymous_3)
FNDA:4,(anonymous_4)
DA:5,2
DA:6,2
DA:13,3
DA:15,6
DA:37,2
DA:44,2
DA:45,4
DA:47,4
DA:48,4
DA:50,4
DA:53,2
LF:11
LH:11
BRF:0
BRH:0
end_of_record
TN:
SF:/Users/dongwook-kim/dev/projects/gangmom/restapi/src/repositories/user.repository.js
FN:5,(anonymous_0)
FN:8,(anonymous_1)
FN:10,(anonymous_2)
FN:18,(anonymous_3)
FNF:4
FNH:2
FNDA:0,(anonymous_0)
FNDA:1,(anonymous_1)
FNDA:2,(anonymous_2)
FNDA:0,(anonymous_3)
DA:5,0
DA:8,1
DA:11,2
DA:18,0
LF:4
LH:2
BRF:0
BRH:0
end_of_record
TN:
SF:/Users/dongwook-kim/dev/projects/gangmom/restapi/src/routes/v1/index.js
FN:10,(anonymous_0)
FN:15,(anonymous_1)
FNF:2
FNH:2
FNDA:2,(anonymous_0)
FNDA:1,(anonymous_1)
DA:5,1
DA:6,1
DA:8,1
DA:11,2
DA:16,1
LF:5
LH:5
BRDA:11,0,0,2
BRDA:11,0,1,2
BRDA:11,0,2,1
BRF:3
BRH:3
end_of_record
TN:
SF:/Users/dongwook-kim/dev/projects/gangmom/restapi/src/routes/v1/users.route.js
FNF:0
FNH:0
DA:4,1
DA:6,1
LF:2
LH:2
BRF:0
BRH:0
end_of_record
TN:
SF:/Users/dongwook-kim/dev/projects/gangmom/restapi/src/utils/uuid.js
FN:3,(anonymous_0)
FNF:1
FNH:1
FNDA:5,(anonymous_0)
DA:3,2
DA:4,5
DA:5,5
LF:3
LH:3
BRF:0
BRH:0
end_of_record
